  内存四区.cpp
E:\C++学习\内存四区\内存四区.cpp(40,43): warning C4311: “类型强制转换”: 从“int *”到“int”的指针截断
E:\C++学习\内存四区\内存四区.cpp(40,43): warning C4302: “类型强制转换”: 从“int *”到“int”截断
E:\C++学习\内存四区\内存四区.cpp(41,43): warning C4311: “类型强制转换”: 从“int *”到“int”的指针截断
E:\C++学习\内存四区\内存四区.cpp(41,43): warning C4302: “类型强制转换”: 从“int *”到“int”截断
E:\C++学习\内存四区\内存四区.cpp(44,45): warning C4311: “类型强制转换”: 从“const int *”到“int”的指针截断
E:\C++学习\内存四区\内存四区.cpp(44,45): warning C4302: “类型强制转换”: 从“const int *”到“int”截断
E:\C++学习\内存四区\内存四区.cpp(45,45): warning C4311: “类型强制转换”: 从“const int *”到“int”的指针截断
E:\C++学习\内存四区\内存四区.cpp(45,45): warning C4302: “类型强制转换”: 从“const int *”到“int”截断
E:\C++学习\内存四区\内存四区.cpp(49,43): warning C4311: “类型强制转换”: 从“const char (*)[6]”到“int”的指针截断
E:\C++学习\内存四区\内存四区.cpp(49,43): warning C4302: “类型强制转换”: 从“const char (*)[6]”到“int”截断
E:\C++学习\内存四区\内存四区.cpp(50,43): warning C4311: “类型强制转换”: 从“const char (*)[6]”到“int”的指针截断
E:\C++学习\内存四区\内存四区.cpp(50,43): warning C4302: “类型强制转换”: 从“const char (*)[6]”到“int”截断
E:\C++学习\内存四区\内存四区.cpp(57,43): warning C4311: “类型强制转换”: 从“int *”到“int”的指针截断
E:\C++学习\内存四区\内存四区.cpp(57,43): warning C4302: “类型强制转换”: 从“int *”到“int”截断
E:\C++学习\内存四区\内存四区.cpp(58,43): warning C4311: “类型强制转换”: 从“int *”到“int”的指针截断
E:\C++学习\内存四区\内存四区.cpp(58,43): warning C4302: “类型强制转换”: 从“int *”到“int”截断
E:\C++学习\内存四区\内存四区.cpp(66,41): warning C4311: “类型强制转换”: 从“int *”到“int”的指针截断
E:\C++学习\内存四区\内存四区.cpp(66,41): warning C4302: “类型强制转换”: 从“int *”到“int”截断
E:\C++学习\内存四区\内存四区.cpp(67,41): warning C4311: “类型强制转换”: 从“int *”到“int”的指针截断
E:\C++学习\内存四区\内存四区.cpp(67,41): warning C4302: “类型强制转换”: 从“int *”到“int”截断
E:\C++学习\内存四区\内存四区.cpp(74,44): warning C4311: “类型强制转换”: 从“const int *”到“int”的指针截断
E:\C++学习\内存四区\内存四区.cpp(74,44): warning C4302: “类型强制转换”: 从“const int *”到“int”截断
E:\C++学习\内存四区\内存四区.cpp(75,44): warning C4311: “类型强制转换”: 从“const int *”到“int”的指针截断
E:\C++学习\内存四区\内存四区.cpp(75,44): warning C4302: “类型强制转换”: 从“const int *”到“int”截断
  内存四区.vcxproj -> E:\C++学习\内存四区\x64\Debug\内存四区.exe
